INF-04/06/2021 16:00:14-Iniciando sistema...-fede
INF-04/06/2021 16:00:14-Creando archivo .confirmed_directories-fede
INF-04/06/2021 16:00:14-Prohibiendo nombre de directorio Grupo4-fede
INF-04/06/2021 16:00:14-Prohibiendo nombre de directorio sisop-fede
INF-04/06/2021 16:00:14-Prohibiendo nombre de directorio original-fede
INF-04/06/2021 16:00:14-Prohibiendo nombre de directorio tp1datos-fede
INF-04/06/2021 16:00:14-Prohibiendo nombre de directorio misdatos-fede
INF-04/06/2021 16:00:14-Prohibiendo nombre de directorio mispruebas-fede
INF-04/06/2021 16:00:14-Comenzando instalacion del sistema...-fede
INF-04/06/2021 16:00:14-Defina el nombre del directorio de ejecutables o presione enter para-fede
INF-04/06/2021 16:00:19-continuar [directorio por defecto /home/fede/Documentos/sisop/sistemas_operativos_tp1/Grupo4/bin]: q-fede
INF-04/06/2021 16:00:19-Prohibiendo nombre de directorio q-fede
INF-04/06/2021 16:00:19-directorio de ejecutables /home/fede/Documentos/sisop/sistemas_operativos_tp1/Grupo4/sisop/q-fede
INF-04/06/2021 16:00:19-Defina el nombre del directorio de tablas del sistema o presione enter para-fede
INF-04/06/2021 16:00:20-continuar [directorio por defecto /home/fede/Documentos/sisop/sistemas_operativos_tp1/Grupo4/master]: -fede
INF-04/06/2021 16:00:20-Prohibiendo nombre de directorio master-fede
INF-04/06/2021 16:00:20-directorio de tablas del sistema /home/fede/Documentos/sisop/sistemas_operativos_tp1/Grupo4/master-fede
INF-04/06/2021 16:00:20-Defina el nombre del directorio de novedades o presione enter para-fede
INF-04/06/2021 16:00:21-continuar [directorio por defecto /home/fede/Documentos/sisop/sistemas_operativos_tp1/Grupo4/ENTRADATP]: -fede
INF-04/06/2021 16:00:21-Prohibiendo nombre de directorio ENTRADATP-fede
INF-04/06/2021 16:00:21-directorio de novedades /home/fede/Documentos/sisop/sistemas_operativos_tp1/Grupo4/ENTRADATP-fede
INF-04/06/2021 16:00:21-directorio de novedades/ok /home/fede/Documentos/sisop/sistemas_operativos_tp1/Grupo4/ENTRADATP/ok-fede
INF-04/06/2021 16:00:21-Defina el nombre del directorio de archivos rechazados o presione enter para-fede
INF-04/06/2021 16:00:21-continuar [directorio por defecto /home/fede/Documentos/sisop/sistemas_operativos_tp1/Grupo4/rechazos]: -fede
INF-04/06/2021 16:00:21-Prohibiendo nombre de directorio rechazos-fede
INF-04/06/2021 16:00:21-directorio de archivos rechazados /home/fede/Documentos/sisop/sistemas_operativos_tp1/Grupo4/rechazos-fede
INF-04/06/2021 16:00:21-Defina el nombre del directorio de lotes procesados o presione enter para-fede
INF-04/06/2021 16:00:21-continuar [directorio por defecto /home/fede/Documentos/sisop/sistemas_operativos_tp1/Grupo4/lotes]: -fede
INF-04/06/2021 16:00:21-Prohibiendo nombre de directorio lotes-fede
INF-04/06/2021 16:00:21-directorio de lotes procesados /home/fede/Documentos/sisop/sistemas_operativos_tp1/Grupo4/lotes-fede
INF-04/06/2021 16:00:21-Defina el nombre del directorio de resultados o presione enter para-fede
INF-04/06/2021 16:00:21-continuar [directorio por defecto /home/fede/Documentos/sisop/sistemas_operativos_tp1/Grupo4/SALIDATP]: -fede
INF-04/06/2021 16:00:21-Prohibiendo nombre de directorio SALIDATP-fede
INF-04/06/2021 16:00:21-directorio de resultados /home/fede/Documentos/sisop/sistemas_operativos_tp1/Grupo4/SALIDATP-fede
INF-04/06/2021 16:00:21-TP1 SO7508 Cuatrimestre I 2021 Curso Martes Grupo4-fede
INF-04/06/2021 16:00:21-Tipo de proceso:                          INSTALACION-fede
INF-04/06/2021 16:00:21-Directorio padre:                         /home/fede/Documentos/sisop/sistemas_operativos_tp1/Grupo4-fede
INF-04/06/2021 16:00:21-Ubicación script de instalacion:          /home/fede/Documentos/sisop/sistemas_operativos_tp1/Grupo4/sisop/sotp1.sh-fede
INF-04/06/2021 16:00:21-Log de la instalacion:                    /home/fede/Documentos/sisop/sistemas_operativos_tp1/Grupo4/sisop/sotp1.log-fede
INF-04/06/2021 16:00:21-Archivo de configuracion:                 /home/fede/Documentos/sisop/sistemas_operativos_tp1/Grupo4/sisop/sotp1.conf-fede
INF-04/06/2021 16:00:21-Log de inicializacion:                    /home/fede/Documentos/sisop/sistemas_operativos_tp1/Grupo4/sisop/soinit.log-fede
INF-04/06/2021 16:00:21-Log del proceso principal:                /home/fede/Documentos/sisop/sistemas_operativos_tp1/Grupo4/sisop/tpcuotas.log-fede
INF-04/06/2021 16:00:21-Directorio de ejecutables:                /home/fede/Documentos/sisop/sistemas_operativos_tp1/Grupo4/sisop/q-fede
INF-04/06/2021 16:00:21-Directorio de tablas maestras:            /home/fede/Documentos/sisop/sistemas_operativos_tp1/Grupo4/master-fede
INF-04/06/2021 16:00:21-Directorio de novedades:                  /home/fede/Documentos/sisop/sistemas_operativos_tp1/Grupo4/ENTRADATP-fede
INF-04/06/2021 16:00:21-Directorio de novedades aceptadas:        /home/fede/Documentos/sisop/sistemas_operativos_tp1/Grupo4/ENTRADATP/ok-fede
INF-04/06/2021 16:00:21-Directorio de rechazados:                 /home/fede/Documentos/sisop/sistemas_operativos_tp1/Grupo4/rechazos-fede
INF-04/06/2021 16:00:21-Directorio de lotes procesados:           /home/fede/Documentos/sisop/sistemas_operativos_tp1/Grupo4/lotes-fede
INF-04/06/2021 16:00:21-Directorio de liquidaciones:              /home/fede/Documentos/sisop/sistemas_operativos_tp1/Grupo4/SALIDATP-fede
INF-04/06/2021 16:00:21-Estado de la instalacion:                 LISTA-fede
INF-04/06/2021 16:00:21-¿Confirma la instalacion? (SI/NO): -fede
INF-04/06/2021 16:00:21--fede
WAR-04/06/2021 16:00:21-Opcion invalida, por favor vuelva a intentar.-fede
INF-04/06/2021 16:00:21-¿Confirma la ? (SI/NO): -fede
INF-04/06/2021 16:00:21--fede
WAR-04/06/2021 16:00:21-Opcion invalida, por favor vuelva a intentar.-fede
INF-04/06/2021 16:00:21-¿Confirma la ? (SI/NO): -fede
INF-04/06/2021 16:00:21--fede
WAR-04/06/2021 16:00:21-Opcion invalida, por favor vuelva a intentar.-fede
INF-04/06/2021 16:00:31-¿Confirma la ? (SI/NO): -fede
INF-04/06/2021 16:00:31-no-fede
INF-04/06/2021 16:00:31-Ha ingresado NO, por favor defina los directorios principales.-fede
INF-04/06/2021 16:00:31-Creando archivo .confirmed_directories-fede
INF-04/06/2021 16:00:31-Prohibiendo nombre de directorio Grupo4-fede
INF-04/06/2021 16:00:31-Prohibiendo nombre de directorio sisop-fede
INF-04/06/2021 16:00:31-Prohibiendo nombre de directorio original-fede
INF-04/06/2021 16:00:31-Prohibiendo nombre de directorio tp1datos-fede
INF-04/06/2021 16:00:31-Prohibiendo nombre de directorio misdatos-fede
INF-04/06/2021 16:00:31-Prohibiendo nombre de directorio mispruebas-fede
INF-04/06/2021 16:00:31-Comenzando instalacion del sistema...-fede
INF-04/06/2021 16:00:31-Defina el nombre del directorio de ejecutables o presione enter para-fede
INF-04/06/2021 16:00:38-Iniciando sistema...-fede
INF-04/06/2021 16:00:38-Creando archivo .confirmed_directories-fede
INF-04/06/2021 16:00:38-Prohibiendo nombre de directorio Grupo4-fede
INF-04/06/2021 16:00:38-Prohibiendo nombre de directorio sisop-fede
INF-04/06/2021 16:00:38-Prohibiendo nombre de directorio original-fede
INF-04/06/2021 16:00:38-Prohibiendo nombre de directorio tp1datos-fede
INF-04/06/2021 16:00:38-Prohibiendo nombre de directorio misdatos-fede
INF-04/06/2021 16:00:38-Prohibiendo nombre de directorio mispruebas-fede
INF-04/06/2021 16:00:38-Comenzando instalacion del sistema...-fede
INF-04/06/2021 16:00:38-Defina el nombre del directorio de ejecutables o presione enter para-fede
INF-04/06/2021 16:00:46-continuar [directorio por defecto /home/fede/Documentos/sisop/sistemas_operativos_tp1/Grupo4/bin]: -fede
INF-04/06/2021 16:00:46-Prohibiendo nombre de directorio bin-fede
INF-04/06/2021 16:00:46-directorio de ejecutables /home/fede/Documentos/sisop/sistemas_operativos_tp1/Grupo4/bin-fede
INF-04/06/2021 16:00:46-Defina el nombre del directorio de tablas del sistema o presione enter para-fede
INF-04/06/2021 16:00:49-continuar [directorio por defecto /home/fede/Documentos/sisop/sistemas_operativos_tp1/Grupo4/master]: -fede
INF-04/06/2021 16:00:49-Prohibiendo nombre de directorio master-fede
INF-04/06/2021 16:00:49-directorio de tablas del sistema /home/fede/Documentos/sisop/sistemas_operativos_tp1/Grupo4/master-fede
INF-04/06/2021 16:00:49-Defina el nombre del directorio de novedades o presione enter para-fede
INF-04/06/2021 16:00:49-continuar [directorio por defecto /home/fede/Documentos/sisop/sistemas_operativos_tp1/Grupo4/ENTRADATP]: -fede
INF-04/06/2021 16:00:49-Prohibiendo nombre de directorio ENTRADATP-fede
INF-04/06/2021 16:00:49-directorio de novedades /home/fede/Documentos/sisop/sistemas_operativos_tp1/Grupo4/ENTRADATP-fede
INF-04/06/2021 16:00:49-directorio de novedades/ok /home/fede/Documentos/sisop/sistemas_operativos_tp1/Grupo4/ENTRADATP/ok-fede
INF-04/06/2021 16:00:49-Defina el nombre del directorio de archivos rechazados o presione enter para-fede
INF-04/06/2021 16:00:51-continuar [directorio por defecto /home/fede/Documentos/sisop/sistemas_operativos_tp1/Grupo4/rechazos]: -fede
INF-04/06/2021 16:00:51-Prohibiendo nombre de directorio rechazos-fede
INF-04/06/2021 16:00:51-directorio de archivos rechazados /home/fede/Documentos/sisop/sistemas_operativos_tp1/Grupo4/rechazos-fede
INF-04/06/2021 16:00:51-Defina el nombre del directorio de lotes procesados o presione enter para-fede
INF-04/06/2021 16:00:52-continuar [directorio por defecto /home/fede/Documentos/sisop/sistemas_operativos_tp1/Grupo4/lotes]: -fede
INF-04/06/2021 16:00:52-Prohibiendo nombre de directorio lotes-fede
INF-04/06/2021 16:00:52-directorio de lotes procesados /home/fede/Documentos/sisop/sistemas_operativos_tp1/Grupo4/lotes-fede
INF-04/06/2021 16:00:52-Defina el nombre del directorio de resultados o presione enter para-fede
INF-04/06/2021 16:00:53-continuar [directorio por defecto /home/fede/Documentos/sisop/sistemas_operativos_tp1/Grupo4/SALIDATP]: -fede
INF-04/06/2021 16:00:53-Prohibiendo nombre de directorio SALIDATP-fede
INF-04/06/2021 16:00:53-directorio de resultados /home/fede/Documentos/sisop/sistemas_operativos_tp1/Grupo4/SALIDATP-fede
INF-04/06/2021 16:00:53-TP1 SO7508 Cuatrimestre I 2021 Curso Martes Grupo4-fede
INF-04/06/2021 16:00:53-Tipo de proceso:                          INSTALACION-fede
INF-04/06/2021 16:00:53-Directorio padre:                         /home/fede/Documentos/sisop/sistemas_operativos_tp1/Grupo4-fede
INF-04/06/2021 16:00:53-Ubicación script de instalacion:          /home/fede/Documentos/sisop/sistemas_operativos_tp1/Grupo4/sisop/sotp1.sh-fede
INF-04/06/2021 16:00:53-Log de la instalacion:                    /home/fede/Documentos/sisop/sistemas_operativos_tp1/Grupo4/sisop/sotp1.log-fede
INF-04/06/2021 16:00:53-Archivo de configuracion:                 /home/fede/Documentos/sisop/sistemas_operativos_tp1/Grupo4/sisop/sotp1.conf-fede
INF-04/06/2021 16:00:53-Log de inicializacion:                    /home/fede/Documentos/sisop/sistemas_operativos_tp1/Grupo4/sisop/soinit.log-fede
INF-04/06/2021 16:00:53-Log del proceso principal:                /home/fede/Documentos/sisop/sistemas_operativos_tp1/Grupo4/sisop/tpcuotas.log-fede
INF-04/06/2021 16:00:53-Directorio de ejecutables:                /home/fede/Documentos/sisop/sistemas_operativos_tp1/Grupo4/bin-fede
INF-04/06/2021 16:00:53-Directorio de tablas maestras:            /home/fede/Documentos/sisop/sistemas_operativos_tp1/Grupo4/master-fede
INF-04/06/2021 16:00:53-Directorio de novedades:                  /home/fede/Documentos/sisop/sistemas_operativos_tp1/Grupo4/ENTRADATP-fede
INF-04/06/2021 16:00:53-Directorio de novedades aceptadas:        /home/fede/Documentos/sisop/sistemas_operativos_tp1/Grupo4/ENTRADATP/ok-fede
INF-04/06/2021 16:00:53-Directorio de rechazados:                 /home/fede/Documentos/sisop/sistemas_operativos_tp1/Grupo4/rechazos-fede
INF-04/06/2021 16:00:53-Directorio de lotes procesados:           /home/fede/Documentos/sisop/sistemas_operativos_tp1/Grupo4/lotes-fede
INF-04/06/2021 16:00:53-Directorio de liquidaciones:              /home/fede/Documentos/sisop/sistemas_operativos_tp1/Grupo4/SALIDATP-fede
INF-04/06/2021 16:00:53-Estado de la instalacion:                 LISTA-fede
INF-04/06/2021 16:00:57-¿Confirma la instalacion? (SI/NO): -fede
INF-04/06/2021 16:00:57-si-fede
INF-04/06/2021 16:00:57-Archivo de configuracion creado en: /home/fede/Documentos/sisop/sistemas_operativos_tp1/Grupo4/sisop/sotp1.conf-fede
INF-04/06/2021 16:00:57-GRUPO /home/fede/Documentos/sisop/sistemas_operativos_tp1/Grupo4-fede
INF-04/06/2021 16:00:57-DIRCONF /home/fede/Documentos/sisop/sistemas_operativos_tp1/Grupo4/sisop-fede
INF-04/06/2021 16:00:57-DIRBIN /home/fede/Documentos/sisop/sistemas_operativos_tp1/Grupo4/bin-fede
INF-04/06/2021 16:00:57-DIRMAE /home/fede/Documentos/sisop/sistemas_operativos_tp1/Grupo4/master-fede
INF-04/06/2021 16:00:57-DIRENT /home/fede/Documentos/sisop/sistemas_operativos_tp1/Grupo4/ENTRADATP-fede
INF-04/06/2021 16:00:57-DIRRECH /home/fede/Documentos/sisop/sistemas_operativos_tp1/Grupo4/rechazos-fede
INF-04/06/2021 16:00:57-DIRPROC /home/fede/Documentos/sisop/sistemas_operativos_tp1/Grupo4/lotes-fede
INF-04/06/2021 16:00:57-DIRSAL /home/fede/Documentos/sisop/sistemas_operativos_tp1/Grupo4/SALIDATP-fede
INF-04/06/2021 16:00:57-INSTALACION 04/06/2021 16:00:57 fede-fede
INF-04/06/2021 16:00:57-Log de inicializacion creado en: /home/fede/Documentos/sisop/sistemas_operativos_tp1/Grupo4/sisop/soinit.log-fede
INF-04/06/2021 16:00:57-Log del proceso principal creado en: /home/fede/Documentos/sisop/sistemas_operativos_tp1/Grupo4/sisop/tpcuotas.log-fede
INF-04/06/2021 16:00:57-Directorio de ejecutables creado en: /home/fede/Documentos/sisop/sistemas_operativos_tp1/Grupo4/bin-fede
INF-04/06/2021 16:00:58-Directorio de tablas del sistema creado en: /home/fede/Documentos/sisop/sistemas_operativos_tp1/Grupo4/master-fede
INF-04/06/2021 16:00:58-Copiando ../original/financiacion.txt a /home/fede/Documentos/sisop/sistemas_operativos_tp1/Grupo4/master-fede
INF-04/06/2021 16:00:58-Copiando ../original/terminales.txt a /home/fede/Documentos/sisop/sistemas_operativos_tp1/Grupo4/master-fede
INF-04/06/2021 16:00:58-Directorio de novedades creado en: /home/fede/Documentos/sisop/sistemas_operativos_tp1/Grupo4/ENTRADATP-fede
INF-04/06/2021 16:00:58-Directorio de novedades aceptadas creado en: /home/fede/Documentos/sisop/sistemas_operativos_tp1/Grupo4/ENTRADATP/ok-fede
INF-04/06/2021 16:00:58-Directorio de archivos rechazados creado en: /home/fede/Documentos/sisop/sistemas_operativos_tp1/Grupo4/rechazos-fede
INF-04/06/2021 16:00:58-Directorio de lotes procesados creado en: /home/fede/Documentos/sisop/sistemas_operativos_tp1/Grupo4/lotes-fede
INF-04/06/2021 16:00:58-Directorio de resultados creado en: /home/fede/Documentos/sisop/sistemas_operativos_tp1/Grupo4/SALIDATP-fede
INF-04/06/2021 16:00:58-Removiendo archivo .confirmed_directories-fede
INF-04/06/2021 16:00:58-Estado de la instalación:                     COMPLETADA-fede
